Args in experiment:
Namespace(is_training=1, model_id='ETTh2_sl96_pl720', model='ADKF', data='ETTh2', root_path='/home/zyg/data/time_series/ETT-small/', data_path='ETTh2.csv', features='M', target='OT', freq='h', checkpoints='./checkpoints/', seq_len=96, label_len=48, pred_len=720, individual=False, seg=20, experts=4, channel=7, d_model=16, d_ff=32, var_num=7, num_experts=4, kernel_size=25, layers=2, embed='timeF', e_layers=2, moving_avg=25, do_predict=False, rev=False, dropout=0.1, channel_independence=1, decomp_method='moving_avg', use_norm=1, down_sampling_layers=3, down_sampling_window=2, down_sampling_method='avg', top_k=5, num_layers=1, num_workers=10, itr=1, train_epochs=50, batch_size=32, patience=5, learning_rate=0.001, lradj='type1', use_amp=False, use_gpu=True, gpu=0, use_multi_gpu=False, devices='0,1,2,3', RATIO=10000000.0, task_name='long_term_forecast', d_layers=1, factor=3, enc_in=7, dec_in=7, c_out=7, des='Exp', use_future_temporal_feature=0, activation='gelu', output_attention=False, n_heads=8, affine=0, subtract_last=0, decomposition=0, stride=8, padding_patch='end', accumulation_steps=32)
Use GPU: cuda:0
Number of parameters: 0.0190M
>>>>>>>start training : ETTh2_sl96_pl720_ADKF_ftETTh2_slM_pl96_dm720_eb16_timeF>>>>>>>>>>>>>>>>>>>>>>>>>>
train 7825
val 2161
test 2161

[DEBUG DataLoader] => Expected seq_len: 96
[DEBUG DataLoader] => Actual seq_x shape: (96, 7)
[DEBUG DataLoader] => Actual seq_y shape: (720, 7)
	iters: 100, epoch: 1 | loss: 0.5362926
	speed: 0.0154s/iter; left time: 186.7865s
	iters: 200, epoch: 1 | loss: 0.3810106
	speed: 0.0132s/iter; left time: 158.1801s
Epoch: 1 cost time: 3.506016254425049

[DEBUG DataLoader] => Expected seq_len: 96
[DEBUG DataLoader] => Actual seq_x shape: (96, 7)
[DEBUG DataLoader] => Actual seq_y shape: (720, 7)

[DEBUG DataLoader] => Expected seq_len: 96
[DEBUG DataLoader] => Actual seq_x shape: (96, 7)
[DEBUG DataLoader] => Actual seq_y shape: (720, 7)
Epoch: 1, Steps: 244 | Train Loss: 0.9386916 Vali Loss: 0.6138223 Test Loss: 2.0571580
Validation loss decreased (inf --> 0.613822).  Saving model ...
Updating learning rate to 0.001

[DEBUG DataLoader] => Expected seq_len: 96
[DEBUG DataLoader] => Actual seq_x shape: (96, 7)
[DEBUG DataLoader] => Actual seq_y shape: (720, 7)
	iters: 100, epoch: 2 | loss: 0.5184481
	speed: 0.0333s/iter; left time: 394.3584s
	iters: 200, epoch: 2 | loss: 0.3681586
	speed: 0.0138s/iter; left time: 162.2521s
Epoch: 2 cost time: 3.7833311557769775

[DEBUG DataLoader] => Expected seq_len: 96
[DEBUG DataLoader] => Actual seq_x shape: (96, 7)
[DEBUG DataLoader] => Actual seq_y shape: (720, 7)

[DEBUG DataLoader] => Expected seq_len: 96
[DEBUG DataLoader] => Actual seq_x shape: (96, 7)
[DEBUG DataLoader] => Actual seq_y shape: (720, 7)
Epoch: 2, Steps: 244 | Train Loss: 0.8342063 Vali Loss: 0.6214625 Test Loss: 1.9902109
EarlyStopping counter: 1 out of 5
Updating learning rate to 0.0005
	iters: 100, epoch: 3 | loss: 0.4193349
	speed: 0.0346s/iter; left time: 401.8292s
	iters: 200, epoch: 3 | loss: 0.3269673
	speed: 0.0155s/iter; left time: 179.0121s

[DEBUG DataLoader] => Expected seq_len: 96
[DEBUG DataLoader] => Actual seq_x shape: (96, 7)
[DEBUG DataLoader] => Actual seq_y shape: (720, 7)
Epoch: 3 cost time: 3.930403470993042

[DEBUG DataLoader] => Expected seq_len: 96
[DEBUG DataLoader] => Actual seq_x shape: (96, 7)
[DEBUG DataLoader] => Actual seq_y shape: (720, 7)

[DEBUG DataLoader] => Expected seq_len: 96
[DEBUG DataLoader] => Actual seq_x shape: (96, 7)
[DEBUG DataLoader] => Actual seq_y shape: (720, 7)
Epoch: 3, Steps: 244 | Train Loss: 0.8133207 Vali Loss: 0.6281760 Test Loss: 1.9447771
EarlyStopping counter: 2 out of 5
Updating learning rate to 0.00025
	iters: 100, epoch: 4 | loss: 0.4581017
	speed: 0.0329s/iter; left time: 374.0185s

[DEBUG DataLoader] => Expected seq_len: 96
[DEBUG DataLoader] => Actual seq_x shape: (96, 7)
[DEBUG DataLoader] => Actual seq_y shape: (720, 7)
	iters: 200, epoch: 4 | loss: 0.3035082
	speed: 0.0156s/iter; left time: 175.8756s
Epoch: 4 cost time: 4.045652151107788

[DEBUG DataLoader] => Expected seq_len: 96
[DEBUG DataLoader] => Actual seq_x shape: (96, 7)
[DEBUG DataLoader] => Actual seq_y shape: (720, 7)

[DEBUG DataLoader] => Expected seq_len: 96
[DEBUG DataLoader] => Actual seq_x shape: (96, 7)
[DEBUG DataLoader] => Actual seq_y shape: (720, 7)
Epoch: 4, Steps: 244 | Train Loss: 0.7991358 Vali Loss: 0.6290711 Test Loss: 1.9053229
EarlyStopping counter: 3 out of 5
Updating learning rate to 0.000125
	iters: 100, epoch: 5 | loss: 0.4012579
	speed: 0.0362s/iter; left time: 402.1996s

[DEBUG DataLoader] => Expected seq_len: 96
[DEBUG DataLoader] => Actual seq_x shape: (96, 7)
[DEBUG DataLoader] => Actual seq_y shape: (720, 7)
	iters: 200, epoch: 5 | loss: 0.3347755
	speed: 0.0152s/iter; left time: 167.8800s
Epoch: 5 cost time: 4.054487228393555

[DEBUG DataLoader] => Expected seq_len: 96
[DEBUG DataLoader] => Actual seq_x shape: (96, 7)
[DEBUG DataLoader] => Actual seq_y shape: (720, 7)

[DEBUG DataLoader] => Expected seq_len: 96
[DEBUG DataLoader] => Actual seq_x shape: (96, 7)
[DEBUG DataLoader] => Actual seq_y shape: (720, 7)
Epoch: 5, Steps: 244 | Train Loss: 0.7909287 Vali Loss: 0.6285191 Test Loss: 1.8872072
EarlyStopping counter: 4 out of 5
Updating learning rate to 6.25e-05

[DEBUG DataLoader] => Expected seq_len: 96
[DEBUG DataLoader] => Actual seq_x shape: (96, 7)
[DEBUG DataLoader] => Actual seq_y shape: (720, 7)
	iters: 100, epoch: 6 | loss: 0.3936527
	speed: 0.0361s/iter; left time: 393.2242s
	iters: 200, epoch: 6 | loss: 0.4115818
	speed: 0.0183s/iter; left time: 197.5138s
Epoch: 6 cost time: 4.22956395149231

[DEBUG DataLoader] => Expected seq_len: 96
[DEBUG DataLoader] => Actual seq_x shape: (96, 7)
[DEBUG DataLoader] => Actual seq_y shape: (720, 7)

[DEBUG DataLoader] => Expected seq_len: 96
[DEBUG DataLoader] => Actual seq_x shape: (96, 7)
[DEBUG DataLoader] => Actual seq_y shape: (720, 7)
Epoch: 6, Steps: 244 | Train Loss: 0.7872458 Vali Loss: 0.6276562 Test Loss: 1.8717282
EarlyStopping counter: 5 out of 5
Early stopping
>>>>>>>testing : ETTh2_sl96_pl720_ADKF_ftETTh2_slM_pl96_dm720_eb16_timeF<<<<<<<<<<<<<<<<<<<<<<<<<<<<<<<<<
test 2161

[DEBUG DataLoader] => Expected seq_len: 96
[DEBUG DataLoader] => Actual seq_x shape: (96, 7)
[DEBUG DataLoader] => Actual seq_y shape: (720, 7)
Inference time:  1.1193618774414062
