/home/zyg/miniconda3/envs/informer/lib/python3.10/site-packages/torch/cuda/__init__.py:54: FutureWarning: The pynvml package is deprecated. Please install nvidia-ml-py instead. If you did not install pynvml directly, please report this to the maintainers of the package that installed pynvml for you.
  import pynvml  # type: ignore[import]
Logging to file: ./Re_log/ETTh1_sl96_pl192_ADKF_ETTh1_sl96_20260227_224057.log
Args in experiment:
Namespace(is_training=1, model_id='ETTh1_sl96_pl192', model='ADKF', data='ETTh1', root_path='/home/zyg/data/time_series/ETT-small/', data_path='ETTh1.csv', features='M', target='OT', freq='h', checkpoints='./checkpoints/', seq_len=96, label_len=48, pred_len=192, individual=False, seg=20, experts=4, channel=7, d_model=16, d_ff=32, var_num=7, num_experts=4, kernel_size=25, layers=2, embed='timeF', e_layers=2, moving_avg=25, do_predict=False, rev=False, dropout=0.1, channel_independence=1, decomp_method='moving_avg', use_norm=1, down_sampling_layers=3, down_sampling_window=2, down_sampling_method='avg', top_k=5, num_layers=1, num_workers=10, itr=1, train_epochs=50, batch_size=32, patience=5, learning_rate=0.001, lradj='type1', use_amp=False, use_gpu=True, gpu=0, use_multi_gpu=False, devices='0,1,2,3', RATIO=10000000.0, task_name='long_term_forecast', d_layers=1, factor=3, enc_in=7, dec_in=7, c_out=7, des='Exp', use_future_temporal_feature=0, activation='gelu', output_attention=False, n_heads=8, affine=0, subtract_last=0, decomposition=0, stride=8, padding_patch='end', accumulation_steps=32)
Use GPU: cuda:0
Number of parameters: 0.0093M
>>>>>>>start training : ETTh1_sl96_pl192_ADKF_ftETTh1_slM_pl96_dm192_eb16_timeF>>>>>>>>>>>>>>>>>>>>>>>>>>
train 8353
val 2689
test 2689
	iters: 100, epoch: 1 | loss: 0.2459479
	speed: 0.0178s/iter; left time: 229.9887s

[DEBUG DataLoader] => Expected seq_len: 96
[DEBUG DataLoader] => Actual seq_x shape: (96, 7)
[DEBUG DataLoader] => Actual seq_y shape: (192, 7)
	iters: 200, epoch: 1 | loss: 0.2333687
	speed: 0.0148s/iter; left time: 190.1045s
Epoch: 1 cost time: 4.272585391998291

[DEBUG DataLoader] => Expected seq_len: 96
[DEBUG DataLoader] => Actual seq_x shape: (96, 7)
[DEBUG DataLoader] => Actual seq_y shape: (192, 7)

[DEBUG DataLoader] => Expected seq_len: 96
[DEBUG DataLoader] => Actual seq_x shape: (96, 7)
[DEBUG DataLoader] => Actual seq_y shape: (192, 7)
Epoch: 1, Steps: 261 | Train Loss: 0.5527839 Vali Loss: 1.0261186 Test Loss: 0.4140724
Validation loss decreased (inf --> 1.026119).  Saving model ...
Updating learning rate to 0.001
	iters: 100, epoch: 2 | loss: 0.2248030
	speed: 0.0417s/iter; left time: 529.4446s
	iters: 200, epoch: 2 | loss: 0.1908746
	speed: 0.0180s/iter; left time: 226.2795s

[DEBUG DataLoader] => Expected seq_len: 96
[DEBUG DataLoader] => Actual seq_x shape: (96, 7)
[DEBUG DataLoader] => Actual seq_y shape: (192, 7)
Epoch: 2 cost time: 4.1918625831604

[DEBUG DataLoader] => Expected seq_len: 96
[DEBUG DataLoader] => Actual seq_x shape: (96, 7)
[DEBUG DataLoader] => Actual seq_y shape: (192, 7)

[DEBUG DataLoader] => Expected seq_len: 96
[DEBUG DataLoader] => Actual seq_x shape: (96, 7)
[DEBUG DataLoader] => Actual seq_y shape: (192, 7)
Epoch: 2, Steps: 261 | Train Loss: 0.4385717 Vali Loss: 1.0053927 Test Loss: 0.4045169
Validation loss decreased (1.026119 --> 1.005393).  Saving model ...
Updating learning rate to 0.0005

[DEBUG DataLoader] => Expected seq_len: 96
[DEBUG DataLoader] => Actual seq_x shape: (96, 7)
[DEBUG DataLoader] => Actual seq_y shape: (192, 7)
	iters: 100, epoch: 3 | loss: 0.2382621
	speed: 0.0367s/iter; left time: 456.5723s
	iters: 200, epoch: 3 | loss: 0.2403144
	speed: 0.0171s/iter; left time: 210.7320s
Epoch: 3 cost time: 4.5413525104522705

[DEBUG DataLoader] => Expected seq_len: 96
[DEBUG DataLoader] => Actual seq_x shape: (96, 7)
[DEBUG DataLoader] => Actual seq_y shape: (192, 7)

[DEBUG DataLoader] => Expected seq_len: 96
[DEBUG DataLoader] => Actual seq_x shape: (96, 7)
[DEBUG DataLoader] => Actual seq_y shape: (192, 7)
Epoch: 3, Steps: 261 | Train Loss: 0.4272012 Vali Loss: 1.0058933 Test Loss: 0.3976976
EarlyStopping counter: 1 out of 5
Updating learning rate to 0.00025
	iters: 100, epoch: 4 | loss: 0.2124780
	speed: 0.0393s/iter; left time: 478.4603s
	iters: 200, epoch: 4 | loss: 0.2167870
	speed: 0.0180s/iter; left time: 217.2892s

[DEBUG DataLoader] => Expected seq_len: 96
[DEBUG DataLoader] => Actual seq_x shape: (96, 7)
[DEBUG DataLoader] => Actual seq_y shape: (192, 7)
Epoch: 4 cost time: 4.3269429206848145

[DEBUG DataLoader] => Expected seq_len: 96
[DEBUG DataLoader] => Actual seq_x shape: (96, 7)
[DEBUG DataLoader] => Actual seq_y shape: (192, 7)

[DEBUG DataLoader] => Expected seq_len: 96
[DEBUG DataLoader] => Actual seq_x shape: (96, 7)
[DEBUG DataLoader] => Actual seq_y shape: (192, 7)
Epoch: 4, Steps: 261 | Train Loss: 0.4229066 Vali Loss: 1.0053117 Test Loss: 0.3968774
Validation loss decreased (1.005393 --> 1.005312).  Saving model ...
Updating learning rate to 0.000125

[DEBUG DataLoader] => Expected seq_len: 96
[DEBUG DataLoader] => Actual seq_x shape: (96, 7)
[DEBUG DataLoader] => Actual seq_y shape: (192, 7)
	iters: 100, epoch: 5 | loss: 0.2126132
	speed: 0.0418s/iter; left time: 497.8726s
	iters: 200, epoch: 5 | loss: 0.1976633
	speed: 0.0157s/iter; left time: 185.7109s
Epoch: 5 cost time: 4.124920129776001

[DEBUG DataLoader] => Expected seq_len: 96
[DEBUG DataLoader] => Actual seq_x shape: (96, 7)
[DEBUG DataLoader] => Actual seq_y shape: (192, 7)

[DEBUG DataLoader] => Expected seq_len: 96
[DEBUG DataLoader] => Actual seq_x shape: (96, 7)
[DEBUG DataLoader] => Actual seq_y shape: (192, 7)
Epoch: 5, Steps: 261 | Train Loss: 0.4209958 Vali Loss: 1.0029829 Test Loss: 0.3954907
Validation loss decreased (1.005312 --> 1.002983).  Saving model ...
Updating learning rate to 6.25e-05
	iters: 100, epoch: 6 | loss: 0.2198047
	speed: 0.0400s/iter; left time: 465.5565s

[DEBUG DataLoader] => Expected seq_len: 96
[DEBUG DataLoader] => Actual seq_x shape: (96, 7)
[DEBUG DataLoader] => Actual seq_y shape: (192, 7)
	iters: 200, epoch: 6 | loss: 0.1873326
	speed: 0.0154s/iter; left time: 177.3436s
Epoch: 6 cost time: 4.138058185577393

[DEBUG DataLoader] => Expected seq_len: 96
[DEBUG DataLoader] => Actual seq_x shape: (96, 7)
[DEBUG DataLoader] => Actual seq_y shape: (192, 7)

[DEBUG DataLoader] => Expected seq_len: 96
[DEBUG DataLoader] => Actual seq_x shape: (96, 7)
[DEBUG DataLoader] => Actual seq_y shape: (192, 7)
Epoch: 6, Steps: 261 | Train Loss: 0.4197832 Vali Loss: 1.0038153 Test Loss: 0.3951493
EarlyStopping counter: 1 out of 5
Updating learning rate to 3.125e-05
	iters: 100, epoch: 7 | loss: 0.2074169
	speed: 0.0357s/iter; left time: 406.4208s

[DEBUG DataLoader] => Expected seq_len: 96
[DEBUG DataLoader] => Actual seq_x shape: (96, 7)
[DEBUG DataLoader] => Actual seq_y shape: (192, 7)
	iters: 200, epoch: 7 | loss: 0.2307044
	speed: 0.0151s/iter; left time: 169.9969s
Epoch: 7 cost time: 3.622631788253784

[DEBUG DataLoader] => Expected seq_len: 96
[DEBUG DataLoader] => Actual seq_x shape: (96, 7)
[DEBUG DataLoader] => Actual seq_y shape: (192, 7)

[DEBUG DataLoader] => Expected seq_len: 96
[DEBUG DataLoader] => Actual seq_x shape: (96, 7)
[DEBUG DataLoader] => Actual seq_y shape: (192, 7)
Epoch: 7, Steps: 261 | Train Loss: 0.4193649 Vali Loss: 1.0031885 Test Loss: 0.3947781
EarlyStopping counter: 2 out of 5
Updating learning rate to 1.5625e-05

[DEBUG DataLoader] => Expected seq_len: 96
[DEBUG DataLoader] => Actual seq_x shape: (96, 7)
[DEBUG DataLoader] => Actual seq_y shape: (192, 7)
	iters: 100, epoch: 8 | loss: 0.2203171
	speed: 0.0403s/iter; left time: 448.3828s
	iters: 200, epoch: 8 | loss: 0.2092189
	speed: 0.0148s/iter; left time: 162.7984s
Epoch: 8 cost time: 4.2304604053497314

[DEBUG DataLoader] => Expected seq_len: 96
[DEBUG DataLoader] => Actual seq_x shape: (96, 7)
[DEBUG DataLoader] => Actual seq_y shape: (192, 7)

[DEBUG DataLoader] => Expected seq_len: 96
[DEBUG DataLoader] => Actual seq_x shape: (96, 7)
[DEBUG DataLoader] => Actual seq_y shape: (192, 7)
Epoch: 8, Steps: 261 | Train Loss: 0.4190475 Vali Loss: 1.0027063 Test Loss: 0.3948033
Validation loss decreased (1.002983 --> 1.002706).  Saving model ...
Updating learning rate to 7.8125e-06

[DEBUG DataLoader] => Expected seq_len: 96
[DEBUG DataLoader] => Actual seq_x shape: (96, 7)
[DEBUG DataLoader] => Actual seq_y shape: (192, 7)
	iters: 100, epoch: 9 | loss: 0.2324035
	speed: 0.0384s/iter; left time: 416.8115s
	iters: 200, epoch: 9 | loss: 0.2540666
	speed: 0.0170s/iter; left time: 182.8585s
Epoch: 9 cost time: 4.296917676925659

[DEBUG DataLoader] => Expected seq_len: 96
[DEBUG DataLoader] => Actual seq_x shape: (96, 7)
[DEBUG DataLoader] => Actual seq_y shape: (192, 7)

[DEBUG DataLoader] => Expected seq_len: 96
[DEBUG DataLoader] => Actual seq_x shape: (96, 7)
[DEBUG DataLoader] => Actual seq_y shape: (192, 7)
Epoch: 9, Steps: 261 | Train Loss: 0.4188723 Vali Loss: 1.0029181 Test Loss: 0.3947332
EarlyStopping counter: 1 out of 5
Updating learning rate to 3.90625e-06
	iters: 100, epoch: 10 | loss: 0.1918969
	speed: 0.0436s/iter; left time: 462.3716s

[DEBUG DataLoader] => Expected seq_len: 96
[DEBUG DataLoader] => Actual seq_x shape: (96, 7)
[DEBUG DataLoader] => Actual seq_y shape: (192, 7)
	iters: 200, epoch: 10 | loss: 0.2444385
	speed: 0.0171s/iter; left time: 180.0440s
Epoch: 10 cost time: 4.039605379104614

[DEBUG DataLoader] => Expected seq_len: 96
[DEBUG DataLoader] => Actual seq_x shape: (96, 7)
[DEBUG DataLoader] => Actual seq_y shape: (192, 7)

[DEBUG DataLoader] => Expected seq_len: 96
[DEBUG DataLoader] => Actual seq_x shape: (96, 7)
[DEBUG DataLoader] => Actual seq_y shape: (192, 7)
Epoch: 10, Steps: 261 | Train Loss: 0.4187972 Vali Loss: 1.0030187 Test Loss: 0.3946981
EarlyStopping counter: 2 out of 5
Updating learning rate to 1.953125e-06

[DEBUG DataLoader] => Expected seq_len: 96
[DEBUG DataLoader] => Actual seq_x shape: (96, 7)
[DEBUG DataLoader] => Actual seq_y shape: (192, 7)
	iters: 100, epoch: 11 | loss: 0.2011421
	speed: 0.0376s/iter; left time: 389.3215s
	iters: 200, epoch: 11 | loss: 0.1922872
	speed: 0.0156s/iter; left time: 159.2940s
Epoch: 11 cost time: 3.9980897903442383

[DEBUG DataLoader] => Expected seq_len: 96
[DEBUG DataLoader] => Actual seq_x shape: (96, 7)
[DEBUG DataLoader] => Actual seq_y shape: (192, 7)

[DEBUG DataLoader] => Expected seq_len: 96
[DEBUG DataLoader] => Actual seq_x shape: (96, 7)
[DEBUG DataLoader] => Actual seq_y shape: (192, 7)
Epoch: 11, Steps: 261 | Train Loss: 0.4187952 Vali Loss: 1.0026557 Test Loss: 0.3946752
Validation loss decreased (1.002706 --> 1.002656).  Saving model ...
Updating learning rate to 9.765625e-07
	iters: 100, epoch: 12 | loss: 0.2013786
	speed: 0.0412s/iter; left time: 415.3491s

[DEBUG DataLoader] => Expected seq_len: 96
[DEBUG DataLoader] => Actual seq_x shape: (96, 7)
[DEBUG DataLoader] => Actual seq_y shape: (192, 7)
	iters: 200, epoch: 12 | loss: 0.2201438
	speed: 0.0154s/iter; left time: 153.5277s
Epoch: 12 cost time: 3.9541478157043457

[DEBUG DataLoader] => Expected seq_len: 96
[DEBUG DataLoader] => Actual seq_x shape: (96, 7)
[DEBUG DataLoader] => Actual seq_y shape: (192, 7)

[DEBUG DataLoader] => Expected seq_len: 96
[DEBUG DataLoader] => Actual seq_x shape: (96, 7)
[DEBUG DataLoader] => Actual seq_y shape: (192, 7)
Epoch: 12, Steps: 261 | Train Loss: 0.4187095 Vali Loss: 1.0029674 Test Loss: 0.3946604
EarlyStopping counter: 1 out of 5
Updating learning rate to 4.8828125e-07
	iters: 100, epoch: 13 | loss: 0.1779011
	speed: 0.0407s/iter; left time: 399.8649s

[DEBUG DataLoader] => Expected seq_len: 96
[DEBUG DataLoader] => Actual seq_x shape: (96, 7)
[DEBUG DataLoader] => Actual seq_y shape: (192, 7)
	iters: 200, epoch: 13 | loss: 0.1746665
	speed: 0.0158s/iter; left time: 153.2571s
Epoch: 13 cost time: 4.244462490081787

[DEBUG DataLoader] => Expected seq_len: 96
[DEBUG DataLoader] => Actual seq_x shape: (96, 7)
[DEBUG DataLoader] => Actual seq_y shape: (192, 7)

[DEBUG DataLoader] => Expected seq_len: 96
[DEBUG DataLoader] => Actual seq_x shape: (96, 7)
[DEBUG DataLoader] => Actual seq_y shape: (192, 7)
Epoch: 13, Steps: 261 | Train Loss: 0.4186616 Vali Loss: 1.0028065 Test Loss: 0.3946537
EarlyStopping counter: 2 out of 5
Updating learning rate to 2.44140625e-07

[DEBUG DataLoader] => Expected seq_len: 96
[DEBUG DataLoader] => Actual seq_x shape: (96, 7)
[DEBUG DataLoader] => Actual seq_y shape: (192, 7)
	iters: 100, epoch: 14 | loss: 0.2179291
	speed: 0.0391s/iter; left time: 373.6866s
	iters: 200, epoch: 14 | loss: 0.1928166
	speed: 0.0160s/iter; left time: 151.6741s
Epoch: 14 cost time: 4.398518085479736

[DEBUG DataLoader] => Expected seq_len: 96
[DEBUG DataLoader] => Actual seq_x shape: (96, 7)
[DEBUG DataLoader] => Actual seq_y shape: (192, 7)

[DEBUG DataLoader] => Expected seq_len: 96
[DEBUG DataLoader] => Actual seq_x shape: (96, 7)
[DEBUG DataLoader] => Actual seq_y shape: (192, 7)
Epoch: 14, Steps: 261 | Train Loss: 0.4186827 Vali Loss: 1.0031143 Test Loss: 0.3946507
EarlyStopping counter: 3 out of 5
Updating learning rate to 1.220703125e-07

[DEBUG DataLoader] => Expected seq_len: 96
[DEBUG DataLoader] => Actual seq_x shape: (96, 7)
[DEBUG DataLoader] => Actual seq_y shape: (192, 7)
	iters: 100, epoch: 15 | loss: 0.1711325
	speed: 0.0395s/iter; left time: 366.8706s
	iters: 200, epoch: 15 | loss: 0.1799624
	speed: 0.0169s/iter; left time: 155.2946s
Epoch: 15 cost time: 4.511035680770874

[DEBUG DataLoader] => Expected seq_len: 96
[DEBUG DataLoader] => Actual seq_x shape: (96, 7)
[DEBUG DataLoader] => Actual seq_y shape: (192, 7)

[DEBUG DataLoader] => Expected seq_len: 96
[DEBUG DataLoader] => Actual seq_x shape: (96, 7)
[DEBUG DataLoader] => Actual seq_y shape: (192, 7)
Epoch: 15, Steps: 261 | Train Loss: 0.4187915 Vali Loss: 1.0021142 Test Loss: 0.3946504
Validation loss decreased (1.002656 --> 1.002114).  Saving model ...
Updating learning rate to 6.103515625e-08

[DEBUG DataLoader] => Expected seq_len: 96
[DEBUG DataLoader] => Actual seq_x shape: (96, 7)
[DEBUG DataLoader] => Actual seq_y shape: (192, 7)
	iters: 100, epoch: 16 | loss: 0.2149193
	speed: 0.0455s/iter; left time: 411.2544s
	iters: 200, epoch: 16 | loss: 0.2276643
	speed: 0.0145s/iter; left time: 129.5533s
Epoch: 16 cost time: 4.23030161857605

[DEBUG DataLoader] => Expected seq_len: 96
[DEBUG DataLoader] => Actual seq_x shape: (96, 7)
[DEBUG DataLoader] => Actual seq_y shape: (192, 7)

[DEBUG DataLoader] => Expected seq_len: 96
[DEBUG DataLoader] => Actual seq_x shape: (96, 7)
[DEBUG DataLoader] => Actual seq_y shape: (192, 7)
Epoch: 16, Steps: 261 | Train Loss: 0.4186908 Vali Loss: 1.0026804 Test Loss: 0.3946492
EarlyStopping counter: 1 out of 5
Updating learning rate to 3.0517578125e-08
	iters: 100, epoch: 17 | loss: 0.2312961
	speed: 0.0397s/iter; left time: 348.1129s

[DEBUG DataLoader] => Expected seq_len: 96
[DEBUG DataLoader] => Actual seq_x shape: (96, 7)
[DEBUG DataLoader] => Actual seq_y shape: (192, 7)
	iters: 200, epoch: 17 | loss: 0.2571549
	speed: 0.0137s/iter; left time: 118.8457s
Epoch: 17 cost time: 3.7897353172302246

[DEBUG DataLoader] => Expected seq_len: 96
[DEBUG DataLoader] => Actual seq_x shape: (96, 7)
[DEBUG DataLoader] => Actual seq_y shape: (192, 7)

[DEBUG DataLoader] => Expected seq_len: 96
[DEBUG DataLoader] => Actual seq_x shape: (96, 7)
[DEBUG DataLoader] => Actual seq_y shape: (192, 7)
Epoch: 17, Steps: 261 | Train Loss: 0.4186891 Vali Loss: 1.0027142 Test Loss: 0.3946488
EarlyStopping counter: 2 out of 5
Updating learning rate to 1.52587890625e-08

[DEBUG DataLoader] => Expected seq_len: 96
[DEBUG DataLoader] => Actual seq_x shape: (96, 7)
[DEBUG DataLoader] => Actual seq_y shape: (192, 7)
	iters: 100, epoch: 18 | loss: 0.2107679
	speed: 0.0377s/iter; left time: 320.7441s
	iters: 200, epoch: 18 | loss: 0.1821649
	speed: 0.0167s/iter; left time: 140.8691s
Epoch: 18 cost time: 4.377544164657593

[DEBUG DataLoader] => Expected seq_len: 96
[DEBUG DataLoader] => Actual seq_x shape: (96, 7)
[DEBUG DataLoader] => Actual seq_y shape: (192, 7)

[DEBUG DataLoader] => Expected seq_len: 96
[DEBUG DataLoader] => Actual seq_x shape: (96, 7)
[DEBUG DataLoader] => Actual seq_y shape: (192, 7)
Epoch: 18, Steps: 261 | Train Loss: 0.4188880 Vali Loss: 1.0031402 Test Loss: 0.3946487
EarlyStopping counter: 3 out of 5
Updating learning rate to 7.62939453125e-09
	iters: 100, epoch: 19 | loss: 0.2168409
	speed: 0.0437s/iter; left time: 360.3970s

[DEBUG DataLoader] => Expected seq_len: 96
[DEBUG DataLoader] => Actual seq_x shape: (96, 7)
[DEBUG DataLoader] => Actual seq_y shape: (192, 7)
	iters: 200, epoch: 19 | loss: 0.2216899
	speed: 0.0179s/iter; left time: 145.8187s
Epoch: 19 cost time: 4.234284162521362

[DEBUG DataLoader] => Expected seq_len: 96
[DEBUG DataLoader] => Actual seq_x shape: (96, 7)
[DEBUG DataLoader] => Actual seq_y shape: (192, 7)

[DEBUG DataLoader] => Expected seq_len: 96
[DEBUG DataLoader] => Actual seq_x shape: (96, 7)
[DEBUG DataLoader] => Actual seq_y shape: (192, 7)
Epoch: 19, Steps: 261 | Train Loss: 0.4187695 Vali Loss: 1.0026156 Test Loss: 0.3946486
EarlyStopping counter: 4 out of 5
Updating learning rate to 3.814697265625e-09
	iters: 100, epoch: 20 | loss: 0.2489399
	speed: 0.0348s/iter; left time: 278.0024s

[DEBUG DataLoader] => Expected seq_len: 96
[DEBUG DataLoader] => Actual seq_x shape: (96, 7)
[DEBUG DataLoader] => Actual seq_y shape: (192, 7)
	iters: 200, epoch: 20 | loss: 0.1812686
	speed: 0.0140s/iter; left time: 110.1196s
Epoch: 20 cost time: 3.8177316188812256

[DEBUG DataLoader] => Expected seq_len: 96
[DEBUG DataLoader] => Actual seq_x shape: (96, 7)
[DEBUG DataLoader] => Actual seq_y shape: (192, 7)

[DEBUG DataLoader] => Expected seq_len: 96
[DEBUG DataLoader] => Actual seq_x shape: (96, 7)
[DEBUG DataLoader] => Actual seq_y shape: (192, 7)
Epoch: 20, Steps: 261 | Train Loss: 0.4187822 Vali Loss: 1.0030838 Test Loss: 0.3946486
EarlyStopping counter: 5 out of 5
Early stopping
>>>>>>>testing : ETTh1_sl96_pl192_ADKF_ftETTh1_slM_pl96_dm192_eb16_timeF<<<<<<<<<<<<<<<<<<<<<<<<<<<<<<<<<
test 2689

[DEBUG DataLoader] => Expected seq_len: 96
[DEBUG DataLoader] => Actual seq_x shape: (96, 7)
[DEBUG DataLoader] => Actual seq_y shape: (192, 7)
Inference time:  1.0148754119873047
