/home/zyg/miniconda3/envs/informer/lib/python3.10/site-packages/torch/cuda/__init__.py:54: FutureWarning: The pynvml package is deprecated. Please install nvidia-ml-py instead. If you did not install pynvml directly, please report this to the maintainers of the package that installed pynvml for you.
  import pynvml  # type: ignore[import]
Logging to file: ./Re_log/ETTh1_sl96_pl720_ADKF_ETTh1_sl96_20260227_224343.log
Args in experiment:
Namespace(is_training=1, model_id='ETTh1_sl96_pl720', model='ADKF', data='ETTh1', root_path='/home/zyg/data/time_series/ETT-small/', data_path='ETTh1.csv', features='M', target='OT', freq='h', checkpoints='./checkpoints/', seq_len=96, label_len=48, pred_len=720, individual=False, seg=20, experts=4, channel=7, d_model=16, d_ff=32, var_num=7, num_experts=4, kernel_size=25, layers=2, embed='timeF', e_layers=2, moving_avg=25, do_predict=False, rev=False, dropout=0.1, channel_independence=1, decomp_method='moving_avg', use_norm=1, down_sampling_layers=3, down_sampling_window=2, down_sampling_method='avg', top_k=5, num_layers=1, num_workers=10, itr=1, train_epochs=50, batch_size=32, patience=5, learning_rate=0.001, lradj='type1', use_amp=False, use_gpu=True, gpu=0, use_multi_gpu=False, devices='0,1,2,3', RATIO=10000000.0, task_name='long_term_forecast', d_layers=1, factor=3, enc_in=7, dec_in=7, c_out=7, des='Exp', use_future_temporal_feature=0, activation='gelu', output_attention=False, n_heads=8, affine=0, subtract_last=0, decomposition=0, stride=8, padding_patch='end', accumulation_steps=32)
Use GPU: cuda:0
Number of parameters: 0.0190M
>>>>>>>start training : ETTh1_sl96_pl720_ADKF_ftETTh1_slM_pl96_dm720_eb16_timeF>>>>>>>>>>>>>>>>>>>>>>>>>>
train 7825
val 2161
test 2161

[DEBUG DataLoader] => Expected seq_len: 96
[DEBUG DataLoader] => Actual seq_x shape: (96, 7)
[DEBUG DataLoader] => Actual seq_y shape: (720, 7)
	iters: 100, epoch: 1 | loss: 0.3619231
	speed: 0.0155s/iter; left time: 188.1473s
	iters: 200, epoch: 1 | loss: 0.3317633
	speed: 0.0158s/iter; left time: 190.0821s
Epoch: 1 cost time: 3.766101837158203

[DEBUG DataLoader] => Expected seq_len: 96
[DEBUG DataLoader] => Actual seq_x shape: (96, 7)
[DEBUG DataLoader] => Actual seq_y shape: (720, 7)

[DEBUG DataLoader] => Expected seq_len: 96
[DEBUG DataLoader] => Actual seq_x shape: (96, 7)
[DEBUG DataLoader] => Actual seq_y shape: (720, 7)
Epoch: 1, Steps: 244 | Train Loss: 0.7815075 Vali Loss: 1.5986546 Test Loss: 0.5315521
Validation loss decreased (inf --> 1.598655).  Saving model ...
Updating learning rate to 0.001

[DEBUG DataLoader] => Expected seq_len: 96
[DEBUG DataLoader] => Actual seq_x shape: (96, 7)
[DEBUG DataLoader] => Actual seq_y shape: (720, 7)
	iters: 100, epoch: 2 | loss: 0.3561482
	speed: 0.0379s/iter; left time: 448.9949s
	iters: 200, epoch: 2 | loss: 0.3134869
	speed: 0.0164s/iter; left time: 192.7450s
Epoch: 2 cost time: 4.342716217041016

[DEBUG DataLoader] => Expected seq_len: 96
[DEBUG DataLoader] => Actual seq_x shape: (96, 7)
[DEBUG DataLoader] => Actual seq_y shape: (720, 7)

[DEBUG DataLoader] => Expected seq_len: 96
[DEBUG DataLoader] => Actual seq_x shape: (96, 7)
[DEBUG DataLoader] => Actual seq_y shape: (720, 7)
Epoch: 2, Steps: 244 | Train Loss: 0.6218109 Vali Loss: 1.5889934 Test Loss: 0.5173813
Validation loss decreased (1.598655 --> 1.588993).  Saving model ...
Updating learning rate to 0.0005
	iters: 100, epoch: 3 | loss: 0.2962075
	speed: 0.0388s/iter; left time: 450.5895s
	iters: 200, epoch: 3 | loss: 0.3192149
	speed: 0.0159s/iter; left time: 183.2146s

[DEBUG DataLoader] => Expected seq_len: 96
[DEBUG DataLoader] => Actual seq_x shape: (96, 7)
[DEBUG DataLoader] => Actual seq_y shape: (720, 7)
Epoch: 3 cost time: 4.3436431884765625

[DEBUG DataLoader] => Expected seq_len: 96
[DEBUG DataLoader] => Actual seq_x shape: (96, 7)
[DEBUG DataLoader] => Actual seq_y shape: (720, 7)

[DEBUG DataLoader] => Expected seq_len: 96
[DEBUG DataLoader] => Actual seq_x shape: (96, 7)
[DEBUG DataLoader] => Actual seq_y shape: (720, 7)
Epoch: 3, Steps: 244 | Train Loss: 0.6061022 Vali Loss: 1.5922180 Test Loss: 0.5045602
EarlyStopping counter: 1 out of 5
Updating learning rate to 0.00025
	iters: 100, epoch: 4 | loss: 0.2891885
	speed: 0.0364s/iter; left time: 413.2963s

[DEBUG DataLoader] => Expected seq_len: 96
[DEBUG DataLoader] => Actual seq_x shape: (96, 7)
[DEBUG DataLoader] => Actual seq_y shape: (720, 7)
	iters: 200, epoch: 4 | loss: 0.2764549
	speed: 0.0167s/iter; left time: 188.0148s
Epoch: 4 cost time: 4.258642673492432

[DEBUG DataLoader] => Expected seq_len: 96
[DEBUG DataLoader] => Actual seq_x shape: (96, 7)
[DEBUG DataLoader] => Actual seq_y shape: (720, 7)

[DEBUG DataLoader] => Expected seq_len: 96
[DEBUG DataLoader] => Actual seq_x shape: (96, 7)
[DEBUG DataLoader] => Actual seq_y shape: (720, 7)
Epoch: 4, Steps: 244 | Train Loss: 0.5998340 Vali Loss: 1.5867729 Test Loss: 0.5014685
Validation loss decreased (1.588993 --> 1.586773).  Saving model ...
Updating learning rate to 0.000125
	iters: 100, epoch: 5 | loss: 0.3486278
	speed: 0.0310s/iter; left time: 344.8507s

[DEBUG DataLoader] => Expected seq_len: 96
[DEBUG DataLoader] => Actual seq_x shape: (96, 7)
[DEBUG DataLoader] => Actual seq_y shape: (720, 7)
	iters: 200, epoch: 5 | loss: 0.3014512
	speed: 0.0164s/iter; left time: 180.3415s
Epoch: 5 cost time: 3.9439778327941895

[DEBUG DataLoader] => Expected seq_len: 96
[DEBUG DataLoader] => Actual seq_x shape: (96, 7)
[DEBUG DataLoader] => Actual seq_y shape: (720, 7)

[DEBUG DataLoader] => Expected seq_len: 96
[DEBUG DataLoader] => Actual seq_x shape: (96, 7)
[DEBUG DataLoader] => Actual seq_y shape: (720, 7)
Epoch: 5, Steps: 244 | Train Loss: 0.5964719 Vali Loss: 1.5928777 Test Loss: 0.5008522
EarlyStopping counter: 1 out of 5
Updating learning rate to 6.25e-05

[DEBUG DataLoader] => Expected seq_len: 96
[DEBUG DataLoader] => Actual seq_x shape: (96, 7)
[DEBUG DataLoader] => Actual seq_y shape: (720, 7)
	iters: 100, epoch: 6 | loss: 0.2792608
	speed: 0.0385s/iter; left time: 419.0164s
	iters: 200, epoch: 6 | loss: 0.2756564
	speed: 0.0156s/iter; left time: 167.6464s
Epoch: 6 cost time: 3.9687018394470215

[DEBUG DataLoader] => Expected seq_len: 96
[DEBUG DataLoader] => Actual seq_x shape: (96, 7)
[DEBUG DataLoader] => Actual seq_y shape: (720, 7)

[DEBUG DataLoader] => Expected seq_len: 96
[DEBUG DataLoader] => Actual seq_x shape: (96, 7)
[DEBUG DataLoader] => Actual seq_y shape: (720, 7)
Epoch: 6, Steps: 244 | Train Loss: 0.5948195 Vali Loss: 1.5892477 Test Loss: 0.4986263
EarlyStopping counter: 2 out of 5
Updating learning rate to 3.125e-05
	iters: 100, epoch: 7 | loss: 0.2722945
	speed: 0.0353s/iter; left time: 375.6697s

[DEBUG DataLoader] => Expected seq_len: 96
[DEBUG DataLoader] => Actual seq_x shape: (96, 7)
[DEBUG DataLoader] => Actual seq_y shape: (720, 7)
	iters: 200, epoch: 7 | loss: 0.3478316
	speed: 0.0180s/iter; left time: 189.2991s
Epoch: 7 cost time: 4.260263681411743

[DEBUG DataLoader] => Expected seq_len: 96
[DEBUG DataLoader] => Actual seq_x shape: (96, 7)
[DEBUG DataLoader] => Actual seq_y shape: (720, 7)

[DEBUG DataLoader] => Expected seq_len: 96
[DEBUG DataLoader] => Actual seq_x shape: (96, 7)
[DEBUG DataLoader] => Actual seq_y shape: (720, 7)
Epoch: 7, Steps: 244 | Train Loss: 0.5938244 Vali Loss: 1.5905621 Test Loss: 0.4974264
EarlyStopping counter: 3 out of 5
Updating learning rate to 1.5625e-05
	iters: 100, epoch: 8 | loss: 0.2931312
	speed: 0.0337s/iter; left time: 350.6131s

[DEBUG DataLoader] => Expected seq_len: 96
[DEBUG DataLoader] => Actual seq_x shape: (96, 7)
[DEBUG DataLoader] => Actual seq_y shape: (720, 7)
	iters: 200, epoch: 8 | loss: 0.2921648
	speed: 0.0161s/iter; left time: 165.5912s
Epoch: 8 cost time: 3.8831663131713867

[DEBUG DataLoader] => Expected seq_len: 96
[DEBUG DataLoader] => Actual seq_x shape: (96, 7)
[DEBUG DataLoader] => Actual seq_y shape: (720, 7)

[DEBUG DataLoader] => Expected seq_len: 96
[DEBUG DataLoader] => Actual seq_x shape: (96, 7)
[DEBUG DataLoader] => Actual seq_y shape: (720, 7)
Epoch: 8, Steps: 244 | Train Loss: 0.5932073 Vali Loss: 1.5900520 Test Loss: 0.4970617
EarlyStopping counter: 4 out of 5
Updating learning rate to 7.8125e-06
	iters: 100, epoch: 9 | loss: 0.2954815
	speed: 0.0335s/iter; left time: 340.4724s

[DEBUG DataLoader] => Expected seq_len: 96
[DEBUG DataLoader] => Actual seq_x shape: (96, 7)
[DEBUG DataLoader] => Actual seq_y shape: (720, 7)
	iters: 200, epoch: 9 | loss: 0.2997161
	speed: 0.0157s/iter; left time: 157.3066s
Epoch: 9 cost time: 3.8994522094726562

[DEBUG DataLoader] => Expected seq_len: 96
[DEBUG DataLoader] => Actual seq_x shape: (96, 7)
[DEBUG DataLoader] => Actual seq_y shape: (720, 7)

[DEBUG DataLoader] => Expected seq_len: 96
[DEBUG DataLoader] => Actual seq_x shape: (96, 7)
[DEBUG DataLoader] => Actual seq_y shape: (720, 7)
Epoch: 9, Steps: 244 | Train Loss: 0.5932026 Vali Loss: 1.5893139 Test Loss: 0.4970512
EarlyStopping counter: 5 out of 5
Early stopping
>>>>>>>testing : ETTh1_sl96_pl720_ADKF_ftETTh1_slM_pl96_dm720_eb16_timeF<<<<<<<<<<<<<<<<<<<<<<<<<<<<<<<<<
test 2161

[DEBUG DataLoader] => Expected seq_len: 96
[DEBUG DataLoader] => Actual seq_x shape: (96, 7)
[DEBUG DataLoader] => Actual seq_y shape: (720, 7)
Inference time:  1.0230746269226074
