Args in experiment:
Namespace(is_training=1, model_id='ETTh2_sl96_pl96', model='ADKF', data='ETTh2', root_path='/home/zyg/data/time_series/ETT-small/', data_path='ETTh2.csv', features='M', target='OT', freq='h', checkpoints='./checkpoints/', seq_len=96, label_len=48, pred_len=96, individual=False, seg=20, experts=4, channel=7, d_model=16, d_ff=32, var_num=7, num_experts=4, kernel_size=25, layers=2, embed='timeF', e_layers=2, moving_avg=25, do_predict=False, rev=False, dropout=0.1, channel_independence=1, decomp_method='AdaptiveDecomp', use_norm=1, down_sampling_layers=3, down_sampling_window=2, down_sampling_method='avg', top_k=5, num_layers=10, num_workers=10, itr=1, train_epochs=50, batch_size=16, patience=5, learning_rate=0.001, lradj='type1', use_amp=False, use_gpu=True, gpu=0, use_multi_gpu=False, devices='0,1,2,3', RATIO=10000000.0, task_name='long_term_forecast', d_layers=1, factor=3, enc_in=7, dec_in=7, c_out=7, des='Exp', use_future_temporal_feature=0, activation='gelu', output_attention=False, n_heads=8, affine=0, subtract_last=0, decomposition=0, stride=8, padding_patch='end', accumulation_steps=32)
Use GPU: cuda:0
Number of parameters: 0.081M
>>>>>>>start training : ETTh2_sl96_pl96_ADKF_ftETTh2_slM_pl96_dm96_eb16_timeF>>>>>>>>>>>>>>>>>>>>>>>>>>
train 8449
val 2785
test 2785

[DEBUG DataLoader] => Expected seq_len: 96
[DEBUG DataLoader] => Actual seq_x shape: (96, 7)
[DEBUG DataLoader] => Actual seq_y shape: (96, 7)
	iters: 100, epoch: 1 | loss: 0.1958474
	speed: 0.0104s/iter; left time: 136.1071s
	iters: 200, epoch: 1 | loss: 0.1740035
	speed: 0.0077s/iter; left time: 100.3047s
Epoch: 1 cost time: 2.3152427673339844

[DEBUG DataLoader] => Expected seq_len: 96
[DEBUG DataLoader] => Actual seq_x shape: (96, 7)
[DEBUG DataLoader] => Actual seq_y shape: (96, 7)

[DEBUG DataLoader] => Expected seq_len: 96
[DEBUG DataLoader] => Actual seq_x shape: (96, 7)
[DEBUG DataLoader] => Actual seq_y shape: (96, 7)
Epoch: 1, Steps: 264 | Train Loss: 0.4823310 Vali Loss: 0.2249735 Test Loss: 0.8240197
Validation loss decreased (inf --> 0.224973).  Saving model ...
Updating learning rate to 0.001

[DEBUG DataLoader] => Expected seq_len: 96
[DEBUG DataLoader] => Actual seq_x shape: (96, 7)
[DEBUG DataLoader] => Actual seq_y shape: (96, 7)
	iters: 100, epoch: 2 | loss: 0.2923294
	speed: 0.0221s/iter; left time: 283.2540s
	iters: 200, epoch: 2 | loss: 0.1554540
	speed: 0.0096s/iter; left time: 121.7273s
Epoch: 2 cost time: 2.370539426803589

[DEBUG DataLoader] => Expected seq_len: 96
[DEBUG DataLoader] => Actual seq_x shape: (96, 7)
[DEBUG DataLoader] => Actual seq_y shape: (96, 7)

[DEBUG DataLoader] => Expected seq_len: 96
[DEBUG DataLoader] => Actual seq_x shape: (96, 7)
[DEBUG DataLoader] => Actual seq_y shape: (96, 7)
Epoch: 2, Steps: 264 | Train Loss: 0.4135652 Vali Loss: 0.2210865 Test Loss: 0.7362826
Validation loss decreased (0.224973 --> 0.221086).  Saving model ...
Updating learning rate to 0.0005

[DEBUG DataLoader] => Expected seq_len: 96
[DEBUG DataLoader] => Actual seq_x shape: (96, 7)
[DEBUG DataLoader] => Actual seq_y shape: (96, 7)
	iters: 100, epoch: 3 | loss: 0.1353123
	speed: 0.0230s/iter; left time: 289.2301s
	iters: 200, epoch: 3 | loss: 0.1427856
	speed: 0.0078s/iter; left time: 97.3071s
Epoch: 3 cost time: 2.2621243000030518

[DEBUG DataLoader] => Expected seq_len: 96
[DEBUG DataLoader] => Actual seq_x shape: (96, 7)
[DEBUG DataLoader] => Actual seq_y shape: (96, 7)

[DEBUG DataLoader] => Expected seq_len: 96
[DEBUG DataLoader] => Actual seq_x shape: (96, 7)
[DEBUG DataLoader] => Actual seq_y shape: (96, 7)
Epoch: 3, Steps: 264 | Train Loss: 0.3913914 Vali Loss: 0.2203102 Test Loss: 0.6971046
Validation loss decreased (0.221086 --> 0.220310).  Saving model ...
Updating learning rate to 0.00025

[DEBUG DataLoader] => Expected seq_len: 96
[DEBUG DataLoader] => Actual seq_x shape: (96, 7)
[DEBUG DataLoader] => Actual seq_y shape: (96, 7)
	iters: 100, epoch: 4 | loss: 0.1918505
	speed: 0.0222s/iter; left time: 272.7314s
	iters: 200, epoch: 4 | loss: 0.1388232
	speed: 0.0078s/iter; left time: 94.7197s
Epoch: 4 cost time: 2.1864371299743652

[DEBUG DataLoader] => Expected seq_len: 96
[DEBUG DataLoader] => Actual seq_x shape: (96, 7)
[DEBUG DataLoader] => Actual seq_y shape: (96, 7)

[DEBUG DataLoader] => Expected seq_len: 96
[DEBUG DataLoader] => Actual seq_x shape: (96, 7)
[DEBUG DataLoader] => Actual seq_y shape: (96, 7)
Epoch: 4, Steps: 264 | Train Loss: 0.3812935 Vali Loss: 0.2197005 Test Loss: 0.6770742
Validation loss decreased (0.220310 --> 0.219700).  Saving model ...
Updating learning rate to 0.000125

[DEBUG DataLoader] => Expected seq_len: 96
[DEBUG DataLoader] => Actual seq_x shape: (96, 7)
[DEBUG DataLoader] => Actual seq_y shape: (96, 7)
	iters: 100, epoch: 5 | loss: 0.1922336
	speed: 0.0229s/iter; left time: 275.5077s
	iters: 200, epoch: 5 | loss: 0.2580743
	speed: 0.0079s/iter; left time: 94.0568s
Epoch: 5 cost time: 2.204747200012207

[DEBUG DataLoader] => Expected seq_len: 96
[DEBUG DataLoader] => Actual seq_x shape: (96, 7)
[DEBUG DataLoader] => Actual seq_y shape: (96, 7)

[DEBUG DataLoader] => Expected seq_len: 96
[DEBUG DataLoader] => Actual seq_x shape: (96, 7)
[DEBUG DataLoader] => Actual seq_y shape: (96, 7)
Epoch: 5, Steps: 264 | Train Loss: 0.3757590 Vali Loss: 0.2202770 Test Loss: 0.6642553
EarlyStopping counter: 1 out of 5
Updating learning rate to 6.25e-05
	iters: 100, epoch: 6 | loss: 0.1312552
	speed: 0.0225s/iter; left time: 264.8138s
	iters: 200, epoch: 6 | loss: 0.2317236
	speed: 0.0078s/iter; left time: 91.6200s

[DEBUG DataLoader] => Expected seq_len: 96
[DEBUG DataLoader] => Actual seq_x shape: (96, 7)
[DEBUG DataLoader] => Actual seq_y shape: (96, 7)
Epoch: 6 cost time: 2.1990885734558105

[DEBUG DataLoader] => Expected seq_len: 96
[DEBUG DataLoader] => Actual seq_x shape: (96, 7)
[DEBUG DataLoader] => Actual seq_y shape: (96, 7)

[DEBUG DataLoader] => Expected seq_len: 96
[DEBUG DataLoader] => Actual seq_x shape: (96, 7)
[DEBUG DataLoader] => Actual seq_y shape: (96, 7)
Epoch: 6, Steps: 264 | Train Loss: 0.3734782 Vali Loss: 0.2208701 Test Loss: 0.6606750
EarlyStopping counter: 2 out of 5
Updating learning rate to 3.125e-05
	iters: 100, epoch: 7 | loss: 0.1127539
	speed: 0.0238s/iter; left time: 273.9907s

[DEBUG DataLoader] => Expected seq_len: 96
[DEBUG DataLoader] => Actual seq_x shape: (96, 7)
[DEBUG DataLoader] => Actual seq_y shape: (96, 7)
	iters: 200, epoch: 7 | loss: 0.1379007
	speed: 0.0078s/iter; left time: 89.1639s
Epoch: 7 cost time: 2.3676133155822754

[DEBUG DataLoader] => Expected seq_len: 96
[DEBUG DataLoader] => Actual seq_x shape: (96, 7)
[DEBUG DataLoader] => Actual seq_y shape: (96, 7)

[DEBUG DataLoader] => Expected seq_len: 96
[DEBUG DataLoader] => Actual seq_x shape: (96, 7)
[DEBUG DataLoader] => Actual seq_y shape: (96, 7)
Epoch: 7, Steps: 264 | Train Loss: 0.3722199 Vali Loss: 0.2210011 Test Loss: 0.6581073
EarlyStopping counter: 3 out of 5
Updating learning rate to 1.5625e-05

[DEBUG DataLoader] => Expected seq_len: 96
[DEBUG DataLoader] => Actual seq_x shape: (96, 7)
[DEBUG DataLoader] => Actual seq_y shape: (96, 7)
	iters: 100, epoch: 8 | loss: 0.1988678
	speed: 0.0228s/iter; left time: 256.7014s
	iters: 200, epoch: 8 | loss: 0.1944031
	speed: 0.0080s/iter; left time: 89.7281s
Epoch: 8 cost time: 2.294443368911743

[DEBUG DataLoader] => Expected seq_len: 96
[DEBUG DataLoader] => Actual seq_x shape: (96, 7)
[DEBUG DataLoader] => Actual seq_y shape: (96, 7)

[DEBUG DataLoader] => Expected seq_len: 96
[DEBUG DataLoader] => Actual seq_x shape: (96, 7)
[DEBUG DataLoader] => Actual seq_y shape: (96, 7)
Epoch: 8, Steps: 264 | Train Loss: 0.3712097 Vali Loss: 0.2212579 Test Loss: 0.6573259
EarlyStopping counter: 4 out of 5
Updating learning rate to 7.8125e-06
	iters: 100, epoch: 9 | loss: 0.1187408
	speed: 0.0221s/iter; left time: 242.7784s

[DEBUG DataLoader] => Expected seq_len: 96
[DEBUG DataLoader] => Actual seq_x shape: (96, 7)
[DEBUG DataLoader] => Actual seq_y shape: (96, 7)
	iters: 200, epoch: 9 | loss: 0.1997751
	speed: 0.0078s/iter; left time: 85.4761s
Epoch: 9 cost time: 2.212658405303955

[DEBUG DataLoader] => Expected seq_len: 96
[DEBUG DataLoader] => Actual seq_x shape: (96, 7)
[DEBUG DataLoader] => Actual seq_y shape: (96, 7)

[DEBUG DataLoader] => Expected seq_len: 96
[DEBUG DataLoader] => Actual seq_x shape: (96, 7)
[DEBUG DataLoader] => Actual seq_y shape: (96, 7)
Epoch: 9, Steps: 264 | Train Loss: 0.3705958 Vali Loss: 0.2211444 Test Loss: 0.6568366
EarlyStopping counter: 5 out of 5
Early stopping
>>>>>>>testing : ETTh2_sl96_pl96_ADKF_ftETTh2_slM_pl96_dm96_eb16_timeF<<<<<<<<<<<<<<<<<<<<<<<<<<<<<<<<<
test 2785

[DEBUG DataLoader] => Expected seq_len: 96
[DEBUG DataLoader] => Actual seq_x shape: (96, 7)
[DEBUG DataLoader] => Actual seq_y shape: (96, 7)
Inference time:  1.009399175643921
