Args in experiment:
Namespace(is_training=1, model_id='ETTm1_sl96_pl720', model='ADKF', data='ETTm1', root_path='/home/zyg/data/time_series/ETT-small/', data_path='ETTm1.csv', features='M', target='OT', freq='t', checkpoints='./checkpoints/', seq_len=96, label_len=48, pred_len=720, individual=False, seg=20, experts=4, channel=7, d_model=16, d_ff=32, var_num=7, num_experts=4, kernel_size=25, layers=2, embed='timeF', e_layers=2, moving_avg=25, do_predict=False, rev=False, dropout=0.1, channel_independence=1, decomp_method='moving_avg', use_norm=1, down_sampling_layers=3, down_sampling_window=2, down_sampling_method='avg', top_k=5, num_layers=1, num_workers=10, itr=1, train_epochs=50, batch_size=32, patience=5, learning_rate=0.001, lradj='type1', use_amp=False, use_gpu=True, gpu=0, use_multi_gpu=False, devices='0,1,2,3', RATIO=10000000.0, task_name='long_term_forecast', d_layers=1, factor=3, enc_in=7, dec_in=7, c_out=7, des='Exp', use_future_temporal_feature=0, activation='gelu', output_attention=False, n_heads=8, affine=0, subtract_last=0, decomposition=0, stride=8, padding_patch='end', accumulation_steps=32)
Use GPU: cuda:0
Number of parameters: 0.0190M
>>>>>>>start training : ETTm1_sl96_pl720_ADKF_ftETTm1_slM_pl96_dm720_eb16_timeF>>>>>>>>>>>>>>>>>>>>>>>>>>
train 7825
val 2161
test 2161
	iters: 100, epoch: 1 | loss: 0.4283942
	speed: 0.0187s/iter; left time: 226.7446s
	iters: 200, epoch: 1 | loss: 0.3763955
	speed: 0.0152s/iter; left time: 182.5875s
Epoch: 1 cost time: 3.897707223892212
Epoch: 1, Steps: 244 | Train Loss: 0.8575296 Vali Loss: 1.2994919 Test Loss: 0.6613079
Validation loss decreased (inf --> 1.299492).  Saving model ...
Updating learning rate to 0.001
	iters: 100, epoch: 2 | loss: 0.3931654
	speed: 0.0341s/iter; left time: 403.7409s
	iters: 200, epoch: 2 | loss: 0.3907614
	speed: 0.0130s/iter; left time: 153.0738s
Epoch: 2 cost time: 3.4440665245056152
Epoch: 2, Steps: 244 | Train Loss: 0.7881490 Vali Loss: 1.2545860 Test Loss: 0.6344706
Validation loss decreased (1.299492 --> 1.254586).  Saving model ...
Updating learning rate to 0.0005
	iters: 100, epoch: 3 | loss: 0.3671845
	speed: 0.0368s/iter; left time: 426.9160s
	iters: 200, epoch: 3 | loss: 0.3155436
	speed: 0.0171s/iter; left time: 196.3718s
Epoch: 3 cost time: 4.431512832641602
Epoch: 3, Steps: 244 | Train Loss: 0.7703957 Vali Loss: 1.2551148 Test Loss: 0.6357396
EarlyStopping counter: 1 out of 5
Updating learning rate to 0.00025
	iters: 100, epoch: 4 | loss: 0.3590074
	speed: 0.0398s/iter; left time: 452.2429s
	iters: 200, epoch: 4 | loss: 0.3662065
	speed: 0.0169s/iter; left time: 190.6531s
Epoch: 4 cost time: 4.026191473007202
Epoch: 4, Steps: 244 | Train Loss: 0.7628218 Vali Loss: 1.2401434 Test Loss: 0.6274330
Validation loss decreased (1.254586 --> 1.240143).  Saving model ...
Updating learning rate to 0.000125
	iters: 100, epoch: 5 | loss: 0.3606442
	speed: 0.0357s/iter; left time: 396.9565s
	iters: 200, epoch: 5 | loss: 0.4227368
	speed: 0.0149s/iter; left time: 164.6968s
Epoch: 5 cost time: 3.76275634765625
Epoch: 5, Steps: 244 | Train Loss: 0.7597330 Vali Loss: 1.2444746 Test Loss: 0.6261358
EarlyStopping counter: 1 out of 5
Updating learning rate to 6.25e-05
	iters: 100, epoch: 6 | loss: 0.3200964
	speed: 0.0398s/iter; left time: 432.8626s
	iters: 200, epoch: 6 | loss: 0.4025970
	speed: 0.0160s/iter; left time: 171.9825s
Epoch: 6 cost time: 4.072046279907227
Epoch: 6, Steps: 244 | Train Loss: 0.7576890 Vali Loss: 1.2397428 Test Loss: 0.6240501
Validation loss decreased (1.240143 --> 1.239743).  Saving model ...
Updating learning rate to 3.125e-05
	iters: 100, epoch: 7 | loss: 0.3664597
	speed: 0.0360s/iter; left time: 382.5389s
	iters: 200, epoch: 7 | loss: 0.3349024
	speed: 0.0144s/iter; left time: 151.2877s
Epoch: 7 cost time: 4.014966011047363
Epoch: 7, Steps: 244 | Train Loss: 0.7569242 Vali Loss: 1.2408748 Test Loss: 0.6238150
EarlyStopping counter: 1 out of 5
Updating learning rate to 1.5625e-05
	iters: 100, epoch: 8 | loss: 0.4404846
	speed: 0.0400s/iter; left time: 415.7827s
	iters: 200, epoch: 8 | loss: 0.4176277
	speed: 0.0168s/iter; left time: 173.0792s
Epoch: 8 cost time: 4.173353433609009
Epoch: 8, Steps: 244 | Train Loss: 0.7561351 Vali Loss: 1.2413143 Test Loss: 0.6241308
EarlyStopping counter: 2 out of 5
Updating learning rate to 7.8125e-06
	iters: 100, epoch: 9 | loss: 0.3861969
	speed: 0.0353s/iter; left time: 358.0722s
	iters: 200, epoch: 9 | loss: 0.3618330
	speed: 0.0177s/iter; left time: 177.9068s
Epoch: 9 cost time: 4.269660949707031
Epoch: 9, Steps: 244 | Train Loss: 0.7561653 Vali Loss: 1.2389693 Test Loss: 0.6237952
Validation loss decreased (1.239743 --> 1.238969).  Saving model ...
Updating learning rate to 3.90625e-06
	iters: 100, epoch: 10 | loss: 0.3067319
	speed: 0.0348s/iter; left time: 344.6367s
	iters: 200, epoch: 10 | loss: 0.3460927
	speed: 0.0173s/iter; left time: 169.3901s
Epoch: 10 cost time: 3.790518283843994
Epoch: 10, Steps: 244 | Train Loss: 0.7557313 Vali Loss: 1.2432485 Test Loss: 0.6236718
EarlyStopping counter: 1 out of 5
Updating learning rate to 1.953125e-06
	iters: 100, epoch: 11 | loss: 0.3192064
	speed: 0.0381s/iter; left time: 368.0494s
	iters: 200, epoch: 11 | loss: 0.4798595
	speed: 0.0162s/iter; left time: 154.6665s
Epoch: 11 cost time: 4.107668399810791
Epoch: 11, Steps: 244 | Train Loss: 0.7560470 Vali Loss: 1.2373841 Test Loss: 0.6237862
Validation loss decreased (1.238969 --> 1.237384).  Saving model ...
Updating learning rate to 9.765625e-07
	iters: 100, epoch: 12 | loss: 0.3731489
	speed: 0.0343s/iter; left time: 323.1093s
	iters: 200, epoch: 12 | loss: 0.3892505
	speed: 0.0156s/iter; left time: 145.7664s
Epoch: 12 cost time: 3.807413101196289
Epoch: 12, Steps: 244 | Train Loss: 0.7559065 Vali Loss: 1.2393621 Test Loss: 0.6238045
EarlyStopping counter: 1 out of 5
Updating learning rate to 4.8828125e-07
	iters: 100, epoch: 13 | loss: 0.3727848
	speed: 0.0363s/iter; left time: 333.0656s
	iters: 200, epoch: 13 | loss: 0.3465932
	speed: 0.0133s/iter; left time: 121.0370s
Epoch: 13 cost time: 3.6599061489105225
Epoch: 13, Steps: 244 | Train Loss: 0.7561643 Vali Loss: 1.2409370 Test Loss: 0.6238105
EarlyStopping counter: 2 out of 5
Updating learning rate to 2.44140625e-07
	iters: 100, epoch: 14 | loss: 0.3722563
	speed: 0.0365s/iter; left time: 325.8040s
	iters: 200, epoch: 14 | loss: 0.4974468
	speed: 0.0170s/iter; left time: 150.0680s
Epoch: 14 cost time: 3.9956421852111816
Epoch: 14, Steps: 244 | Train Loss: 0.7559847 Vali Loss: 1.2408693 Test Loss: 0.6238028
EarlyStopping counter: 3 out of 5
Updating learning rate to 1.220703125e-07
	iters: 100, epoch: 15 | loss: 0.4463008
	speed: 0.0376s/iter; left time: 326.1628s
	iters: 200, epoch: 15 | loss: 0.3541418
	speed: 0.0176s/iter; left time: 150.7195s
Epoch: 15 cost time: 4.310625314712524
Epoch: 15, Steps: 244 | Train Loss: 0.7558943 Vali Loss: 1.2411484 Test Loss: 0.6238052
EarlyStopping counter: 4 out of 5
Updating learning rate to 6.103515625e-08
	iters: 100, epoch: 16 | loss: 0.4224581
	speed: 0.0377s/iter; left time: 317.9197s
	iters: 200, epoch: 16 | loss: 0.3864677
	speed: 0.0163s/iter; left time: 136.1415s
Epoch: 16 cost time: 4.251713991165161
Epoch: 16, Steps: 244 | Train Loss: 0.7555149 Vali Loss: 1.2416824 Test Loss: 0.6238073
EarlyStopping counter: 5 out of 5
Early stopping
>>>>>>>testing : ETTm1_sl96_pl720_ADKF_ftETTm1_slM_pl96_dm720_eb16_timeF<<<<<<<<<<<<<<<<<<<<<<<<<<<<<<<<<
test 2161
Inference time:  1.0851378440856934
