Args in experiment:
Namespace(is_training=1, model_id='ETTm2_sl96_pl336', model='ADKF', data='ETTm2', root_path='/home/zyg/data/time_series/ETT-small/', data_path='ETTm2.csv', features='M', target='OT', freq='t', checkpoints='./checkpoints/', seq_len=96, label_len=48, pred_len=336, individual=False, seg=20, experts=4, channel=7, d_model=16, d_ff=32, var_num=7, num_experts=4, kernel_size=25, layers=2, embed='timeF', e_layers=2, moving_avg=25, do_predict=False, rev=False, dropout=0.1, channel_independence=1, decomp_method='AdaptiveDecomp', use_norm=1, down_sampling_layers=3, down_sampling_window=2, down_sampling_method='avg', top_k=5, num_layers=10, num_workers=10, itr=1, train_epochs=50, batch_size=16, patience=5, learning_rate=0.001, lradj='type1', use_amp=False, use_gpu=True, gpu=0, use_multi_gpu=False, devices='0,1,2,3', RATIO=10000000.0, task_name='long_term_forecast', d_layers=1, factor=3, enc_in=7, dec_in=7, c_out=7, des='Exp', use_future_temporal_feature=0, activation='gelu', output_attention=False, n_heads=8, affine=0, subtract_last=0, decomposition=0, stride=8, padding_patch='end', accumulation_steps=32)
Use GPU: cuda:0
Number of parameters: 0.081M
>>>>>>>start training : ETTm2_sl96_pl336_ADKF_ftETTm2_slM_pl96_dm336_eb16_timeF>>>>>>>>>>>>>>>>>>>>>>>>>>
train 8209
val 2545
test 2545
	iters: 100, epoch: 1 | loss: 0.2988889
	speed: 0.0170s/iter; left time: 216.0177s
	iters: 200, epoch: 1 | loss: 0.3952707
	speed: 0.0154s/iter; left time: 193.9669s
Epoch: 1 cost time: 4.1357505321502686
Epoch: 1, Steps: 256 | Train Loss: 0.6870861 Vali Loss: 0.4905628 Test Loss: 0.5697320
Validation loss decreased (inf --> 0.490563).  Saving model ...
Updating learning rate to 0.001
	iters: 100, epoch: 2 | loss: 0.3631302
	speed: 0.0404s/iter; left time: 502.2420s
	iters: 200, epoch: 2 | loss: 0.3051462
	speed: 0.0168s/iter; left time: 206.8379s
Epoch: 2 cost time: 4.432506561279297
Epoch: 2, Steps: 256 | Train Loss: 0.5992663 Vali Loss: 0.4857060 Test Loss: 0.5718669
Validation loss decreased (0.490563 --> 0.485706).  Saving model ...
Updating learning rate to 0.0005
	iters: 100, epoch: 3 | loss: 0.2276816
	speed: 0.0389s/iter; left time: 474.2928s
	iters: 200, epoch: 3 | loss: 0.3465498
	speed: 0.0149s/iter; left time: 180.6094s
Epoch: 3 cost time: 3.6944735050201416
Epoch: 3, Steps: 256 | Train Loss: 0.5788238 Vali Loss: 0.4851157 Test Loss: 0.5670736
Validation loss decreased (0.485706 --> 0.485116).  Saving model ...
Updating learning rate to 0.00025
	iters: 100, epoch: 4 | loss: 0.2696130
	speed: 0.0311s/iter; left time: 371.3516s
	iters: 200, epoch: 4 | loss: 0.3076398
	speed: 0.0150s/iter; left time: 177.0528s
Epoch: 4 cost time: 3.9550349712371826
Epoch: 4, Steps: 256 | Train Loss: 0.5674357 Vali Loss: 0.4936534 Test Loss: 0.5749677
EarlyStopping counter: 1 out of 5
Updating learning rate to 0.000125
	iters: 100, epoch: 5 | loss: 0.3105179
	speed: 0.0412s/iter; left time: 481.2665s
	iters: 200, epoch: 5 | loss: 0.3265205
	speed: 0.0160s/iter; left time: 185.1628s
Epoch: 5 cost time: 4.394684076309204
Epoch: 5, Steps: 256 | Train Loss: 0.5616877 Vali Loss: 0.4894891 Test Loss: 0.5699178
EarlyStopping counter: 2 out of 5
Updating learning rate to 6.25e-05
	iters: 100, epoch: 6 | loss: 0.2634085
	speed: 0.0344s/iter; left time: 393.2427s
	iters: 200, epoch: 6 | loss: 0.2449188
	speed: 0.0150s/iter; left time: 170.3226s
Epoch: 6 cost time: 3.6940295696258545
Epoch: 6, Steps: 256 | Train Loss: 0.5589725 Vali Loss: 0.4933297 Test Loss: 0.5731352
EarlyStopping counter: 3 out of 5
Updating learning rate to 3.125e-05
	iters: 100, epoch: 7 | loss: 0.2558018
	speed: 0.0355s/iter; left time: 396.1837s
	iters: 200, epoch: 7 | loss: 0.3636228
	speed: 0.0139s/iter; left time: 153.6765s
Epoch: 7 cost time: 3.9649369716644287
Epoch: 7, Steps: 256 | Train Loss: 0.5578371 Vali Loss: 0.4927647 Test Loss: 0.5726222
EarlyStopping counter: 4 out of 5
Updating learning rate to 1.5625e-05
	iters: 100, epoch: 8 | loss: 0.2390603
	speed: 0.0360s/iter; left time: 392.9864s
	iters: 200, epoch: 8 | loss: 0.2727672
	speed: 0.0165s/iter; left time: 178.8783s
Epoch: 8 cost time: 4.329088926315308
Epoch: 8, Steps: 256 | Train Loss: 0.5565024 Vali Loss: 0.4926947 Test Loss: 0.5725328
EarlyStopping counter: 5 out of 5
Early stopping
>>>>>>>testing : ETTm2_sl96_pl336_ADKF_ftETTm2_slM_pl96_dm336_eb16_timeF<<<<<<<<<<<<<<<<<<<<<<<<<<<<<<<<<
test 2545
Inference time:  1.0538139343261719
