Args in experiment:
Namespace(is_training=1, model_id='ETTm2_sl96_pl720', model='ADKF', data='ETTm2', root_path='/home/zyg/data/time_series/ETT-small/', data_path='ETTm2.csv', features='M', target='OT', freq='t', checkpoints='./checkpoints/', seq_len=96, label_len=48, pred_len=720, individual=False, seg=20, experts=4, channel=7, d_model=16, d_ff=32, var_num=7, num_experts=4, kernel_size=25, layers=2, embed='timeF', e_layers=2, moving_avg=25, do_predict=False, rev=False, dropout=0.1, channel_independence=1, decomp_method='AdaptiveDecomp', use_norm=1, down_sampling_layers=3, down_sampling_window=2, down_sampling_method='avg', top_k=5, num_layers=10, num_workers=10, itr=1, train_epochs=50, batch_size=16, patience=5, learning_rate=0.001, lradj='type1', use_amp=False, use_gpu=True, gpu=0, use_multi_gpu=False, devices='0,1,2,3', RATIO=10000000.0, task_name='long_term_forecast', d_layers=1, factor=3, enc_in=7, dec_in=7, c_out=7, des='Exp', use_future_temporal_feature=0, activation='gelu', output_attention=False, n_heads=8, affine=0, subtract_last=0, decomposition=0, stride=8, padding_patch='end', accumulation_steps=32)
Use GPU: cuda:0
Number of parameters: 0.081M
>>>>>>>start training : ETTm2_sl96_pl720_ADKF_ftETTm2_slM_pl96_dm720_eb16_timeF>>>>>>>>>>>>>>>>>>>>>>>>>>
train 7825
val 2161
test 2161
	iters: 100, epoch: 1 | loss: 0.3800511
	speed: 0.0183s/iter; left time: 221.4792s
	iters: 200, epoch: 1 | loss: 0.4430850
	speed: 0.0151s/iter; left time: 180.6415s
Epoch: 1 cost time: 4.280015468597412
Epoch: 1, Steps: 244 | Train Loss: 0.8278222 Vali Loss: 0.5542839 Test Loss: 0.6421700
Validation loss decreased (inf --> 0.554284).  Saving model ...
Updating learning rate to 0.001
	iters: 100, epoch: 2 | loss: 0.3668643
	speed: 0.0361s/iter; left time: 428.2407s
	iters: 200, epoch: 2 | loss: 0.3557661
	speed: 0.0161s/iter; left time: 189.3499s
Epoch: 2 cost time: 3.964829683303833
Epoch: 2, Steps: 244 | Train Loss: 0.7341394 Vali Loss: 0.5560874 Test Loss: 0.6411381
EarlyStopping counter: 1 out of 5
Updating learning rate to 0.0005
	iters: 100, epoch: 3 | loss: 0.3524360
	speed: 0.0353s/iter; left time: 409.8009s
	iters: 200, epoch: 3 | loss: 0.3397200
	speed: 0.0151s/iter; left time: 173.7559s
Epoch: 3 cost time: 3.769045352935791
Epoch: 3, Steps: 244 | Train Loss: 0.7115168 Vali Loss: 0.5652421 Test Loss: 0.6475978
EarlyStopping counter: 2 out of 5
Updating learning rate to 0.00025
	iters: 100, epoch: 4 | loss: 0.4156938
	speed: 0.0316s/iter; left time: 359.2990s
	iters: 200, epoch: 4 | loss: 0.3314908
	speed: 0.0158s/iter; left time: 178.4929s
Epoch: 4 cost time: 4.042254686355591
Epoch: 4, Steps: 244 | Train Loss: 0.6982542 Vali Loss: 0.5736764 Test Loss: 0.6568465
EarlyStopping counter: 3 out of 5
Updating learning rate to 0.000125
	iters: 100, epoch: 5 | loss: 0.3299510
	speed: 0.0339s/iter; left time: 377.6341s
	iters: 200, epoch: 5 | loss: 0.3511614
	speed: 0.0164s/iter; left time: 180.6377s
Epoch: 5 cost time: 3.9179036617279053
Epoch: 5, Steps: 244 | Train Loss: 0.6915691 Vali Loss: 0.5697781 Test Loss: 0.6543664
EarlyStopping counter: 4 out of 5
Updating learning rate to 6.25e-05
	iters: 100, epoch: 6 | loss: 0.3127787
	speed: 0.0385s/iter; left time: 418.9442s
	iters: 200, epoch: 6 | loss: 0.3861067
	speed: 0.0140s/iter; left time: 151.4730s
Epoch: 6 cost time: 3.590672731399536
Epoch: 6, Steps: 244 | Train Loss: 0.6886224 Vali Loss: 0.5754367 Test Loss: 0.6567917
EarlyStopping counter: 5 out of 5
Early stopping
>>>>>>>testing : ETTm2_sl96_pl720_ADKF_ftETTm2_slM_pl96_dm720_eb16_timeF<<<<<<<<<<<<<<<<<<<<<<<<<<<<<<<<<
test 2161
Inference time:  1.1514713764190674
