Args in experiment:
Namespace(is_training=1, model_id='Traffic_sl96_pl720', model='ADKF', data='custom', root_path='/home/zyg/data/time_series/traffic/', data_path='traffic.csv', features='M', target='OT', freq='h', checkpoints='./checkpoints/', seq_len=96, label_len=48, pred_len=720, individual=False, seg=20, experts=4, channel=862, d_model=16, d_ff=32, var_num=862, num_experts=4, kernel_size=25, layers=2, embed='timeF', e_layers=2, moving_avg=25, do_predict=False, rev=False, dropout=0.1, channel_independence=1, decomp_method='AdaptiveDecomp', use_norm=1, down_sampling_layers=3, down_sampling_window=2, down_sampling_method='avg', top_k=5, num_layers=10, num_workers=10, itr=1, train_epochs=50, batch_size=16, patience=5, learning_rate=0.001, lradj='type1', use_amp=False, use_gpu=True, gpu=0, use_multi_gpu=False, devices='0,1,2,3', RATIO=10000000.0, task_name='long_term_forecast', d_layers=1, factor=3, enc_in=862, dec_in=862, c_out=862, des='Exp', use_future_temporal_feature=0, activation='gelu', output_attention=False, n_heads=8, affine=0, subtract_last=0, decomposition=0, stride=8, padding_patch='end', accumulation_steps=32)
Use GPU: cuda:0
Number of parameters: 0.081M
>>>>>>>start training : Traffic_sl96_pl720_ADKF_fttraffic_slM_pl96_dm720_eb16_timeF>>>>>>>>>>>>>>>>>>>>>>>>>>
train 15149
val 861
test 2789
	iters: 100, epoch: 1 | loss: 0.3761681
	speed: 0.0179s/iter; left time: 13585.7026s
	iters: 200, epoch: 1 | loss: 0.2851194
	speed: 0.0155s/iter; left time: 11701.2220s
	iters: 300, epoch: 1 | loss: 0.2653371
	speed: 0.0161s/iter; left time: 12169.8779s
	iters: 400, epoch: 1 | loss: 0.2551351
	speed: 0.0160s/iter; left time: 12075.4474s
	iters: 500, epoch: 1 | loss: 0.2242636
	speed: 0.0164s/iter; left time: 12433.4538s
	iters: 600, epoch: 1 | loss: 0.2381181
	speed: 0.0169s/iter; left time: 12803.9045s
	iters: 700, epoch: 1 | loss: 0.2677033
	speed: 0.0171s/iter; left time: 12943.2119s
	iters: 800, epoch: 1 | loss: 0.2115874
	speed: 0.0163s/iter; left time: 12296.9877s
	iters: 900, epoch: 1 | loss: 0.1889855
	speed: 0.0143s/iter; left time: 10817.4244s
	iters: 1000, epoch: 1 | loss: 0.2296804
	speed: 0.0170s/iter; left time: 12889.8998s
	iters: 1100, epoch: 1 | loss: 0.2717738
	speed: 0.0181s/iter; left time: 13678.5090s
	iters: 1200, epoch: 1 | loss: 0.1940028
	speed: 0.0146s/iter; left time: 11060.4853s
	iters: 1300, epoch: 1 | loss: 0.2002078
	speed: 0.0152s/iter; left time: 11530.4652s
	iters: 1400, epoch: 1 | loss: 0.2467462
	speed: 0.0160s/iter; left time: 12060.9514s
	iters: 1500, epoch: 1 | loss: 0.2603752
	speed: 0.0169s/iter; left time: 12764.9746s
	iters: 1600, epoch: 1 | loss: 0.1659205
	speed: 0.0173s/iter; left time: 13090.8013s
	iters: 1700, epoch: 1 | loss: 0.2216821
	speed: 0.0194s/iter; left time: 14685.7903s
	iters: 1800, epoch: 1 | loss: 0.2094266
	speed: 0.0157s/iter; left time: 11832.0316s
	iters: 1900, epoch: 1 | loss: 0.1635522
	speed: 0.0178s/iter; left time: 13458.2144s
	iters: 2000, epoch: 1 | loss: 0.1513308
	speed: 0.0174s/iter; left time: 13110.8348s

[DEBUG DataLoader] => Expected seq_len: 96
[DEBUG DataLoader] => Actual seq_x shape: (96, 862)
[DEBUG DataLoader] => Actual seq_y shape: (720, 862)
	iters: 2100, epoch: 1 | loss: 0.1944331
	speed: 0.0149s/iter; left time: 11249.8279s
	iters: 2200, epoch: 1 | loss: 0.1748993
	speed: 0.0157s/iter; left time: 11827.6159s
	iters: 2300, epoch: 1 | loss: 0.1760641
	speed: 0.0158s/iter; left time: 11893.8609s
	iters: 2400, epoch: 1 | loss: 0.1639188
	speed: 0.0145s/iter; left time: 10911.6188s
	iters: 2500, epoch: 1 | loss: 0.1872443
	speed: 0.0173s/iter; left time: 13061.0754s
	iters: 2600, epoch: 1 | loss: 0.1708735
	speed: 0.0166s/iter; left time: 12522.3386s
	iters: 2700, epoch: 1 | loss: 0.1907201
	speed: 0.0185s/iter; left time: 13994.4158s
	iters: 2800, epoch: 1 | loss: 0.1844234
	speed: 0.0160s/iter; left time: 12053.8285s
	iters: 2900, epoch: 1 | loss: 0.2083022
	speed: 0.0156s/iter; left time: 11734.5782s
	iters: 3000, epoch: 1 | loss: 0.1895919
	speed: 0.0137s/iter; left time: 10346.6732s
	iters: 3100, epoch: 1 | loss: 0.2300950
	speed: 0.0158s/iter; left time: 11910.8551s
	iters: 3200, epoch: 1 | loss: 0.2116782
	speed: 0.0166s/iter; left time: 12537.0610s
	iters: 3300, epoch: 1 | loss: 0.1790385
	speed: 0.0169s/iter; left time: 12751.8302s
	iters: 3400, epoch: 1 | loss: 0.1937501
	speed: 0.0179s/iter; left time: 13500.8152s
	iters: 3500, epoch: 1 | loss: 0.1674012
	speed: 0.0177s/iter; left time: 13369.6041s
	iters: 3600, epoch: 1 | loss: 0.1646734
	speed: 0.0172s/iter; left time: 12989.7212s
	iters: 3700, epoch: 1 | loss: 0.2044849
	speed: 0.0158s/iter; left time: 11930.2264s
	iters: 3800, epoch: 1 | loss: 0.1792605
	speed: 0.0132s/iter; left time: 9942.3817s
	iters: 3900, epoch: 1 | loss: 0.2033726
	speed: 0.0149s/iter; left time: 11241.7708s
	iters: 4000, epoch: 1 | loss: 0.1656379
	speed: 0.0153s/iter; left time: 11559.5670s
	iters: 4100, epoch: 1 | loss: 0.1883509
	speed: 0.0140s/iter; left time: 10544.5474s
	iters: 4200, epoch: 1 | loss: 0.1932418
	speed: 0.0166s/iter; left time: 12498.4916s
	iters: 4300, epoch: 1 | loss: 0.1854432
	speed: 0.0170s/iter; left time: 12831.9782s
	iters: 4400, epoch: 1 | loss: 0.1508090
	speed: 0.0164s/iter; left time: 12367.4707s
	iters: 4500, epoch: 1 | loss: 0.1797003
	speed: 0.0161s/iter; left time: 12098.9810s
	iters: 4600, epoch: 1 | loss: 0.1829110
	speed: 0.0181s/iter; left time: 13649.4684s
	iters: 4700, epoch: 1 | loss: 0.1764313
	speed: 0.0199s/iter; left time: 14982.1911s
	iters: 4800, epoch: 1 | loss: 0.1878855
	speed: 0.0156s/iter; left time: 11724.5590s
	iters: 4900, epoch: 1 | loss: 0.1403165
	speed: 0.0159s/iter; left time: 11962.5101s
	iters: 5000, epoch: 1 | loss: 0.1570830
	speed: 0.0163s/iter; left time: 12260.7273s
	iters: 5100, epoch: 1 | loss: 0.2078372
	speed: 0.0170s/iter; left time: 12816.6134s
	iters: 5200, epoch: 1 | loss: 0.1852183
	speed: 0.0185s/iter; left time: 13910.0158s
	iters: 5300, epoch: 1 | loss: 0.2112974
	speed: 0.0184s/iter; left time: 13859.3055s
	iters: 5400, epoch: 1 | loss: 0.2000513
	speed: 0.0168s/iter; left time: 12649.9437s
	iters: 5500, epoch: 1 | loss: 0.1456370
	speed: 0.0155s/iter; left time: 11657.4381s
	iters: 5600, epoch: 1 | loss: 0.1617397
	speed: 0.0166s/iter; left time: 12490.7333s
	iters: 5700, epoch: 1 | loss: 0.1613699
	speed: 0.0156s/iter; left time: 11736.0706s
	iters: 5800, epoch: 1 | loss: 0.1599899
	speed: 0.0165s/iter; left time: 12430.4584s
	iters: 5900, epoch: 1 | loss: 0.1750872
	speed: 0.0160s/iter; left time: 12039.6087s
	iters: 6000, epoch: 1 | loss: 0.1452416
	speed: 0.0147s/iter; left time: 11081.9505s
	iters: 6100, epoch: 1 | loss: 0.1926082
	speed: 0.0150s/iter; left time: 11289.1531s
	iters: 6200, epoch: 1 | loss: 0.1735237
	speed: 0.0203s/iter; left time: 15286.9985s
	iters: 6300, epoch: 1 | loss: 0.1937498
	speed: 0.0159s/iter; left time: 11942.4012s
	iters: 6400, epoch: 1 | loss: 0.1663238
	speed: 0.0185s/iter; left time: 13914.0217s
	iters: 6500, epoch: 1 | loss: 0.1850900
	speed: 0.0158s/iter; left time: 11849.2911s
	iters: 6600, epoch: 1 | loss: 0.1740844
	speed: 0.0153s/iter; left time: 11492.7801s
	iters: 6700, epoch: 1 | loss: 0.1628051
	speed: 0.0176s/iter; left time: 13180.1933s
	iters: 6800, epoch: 1 | loss: 0.1737743
	speed: 0.0158s/iter; left time: 11845.5758s
	iters: 6900, epoch: 1 | loss: 0.1318012
	speed: 0.0146s/iter; left time: 10963.0911s
	iters: 7000, epoch: 1 | loss: 0.1720946
	speed: 0.0182s/iter; left time: 13624.3057s
	iters: 7100, epoch: 1 | loss: 0.1516839
	speed: 0.0160s/iter; left time: 12026.7556s
	iters: 7200, epoch: 1 | loss: 0.1759216
	speed: 0.0160s/iter; left time: 11973.3134s
	iters: 7300, epoch: 1 | loss: 0.1656229
	speed: 0.0141s/iter; left time: 10612.2577s
	iters: 7400, epoch: 1 | loss: 0.1651529
	speed: 0.0175s/iter; left time: 13162.6305s
	iters: 7500, epoch: 1 | loss: 0.1316968
	speed: 0.0188s/iter; left time: 14092.0474s
	iters: 7600, epoch: 1 | loss: 0.1233077
	speed: 0.0168s/iter; left time: 12564.9882s
	iters: 7700, epoch: 1 | loss: 0.1333240
	speed: 0.0148s/iter; left time: 11116.5392s
	iters: 7800, epoch: 1 | loss: 0.1726107
	speed: 0.0151s/iter; left time: 11310.9543s
	iters: 7900, epoch: 1 | loss: 0.1771129
	speed: 0.0193s/iter; left time: 14477.9454s
	iters: 8000, epoch: 1 | loss: 0.1639592
	speed: 0.0174s/iter; left time: 13025.7454s
	iters: 8100, epoch: 1 | loss: 0.1792633
	speed: 0.0141s/iter; left time: 10575.3812s
	iters: 8200, epoch: 1 | loss: 0.1235906
	speed: 0.0173s/iter; left time: 12993.6734s
	iters: 8300, epoch: 1 | loss: 0.1441555
	speed: 0.0174s/iter; left time: 13011.4864s
	iters: 8400, epoch: 1 | loss: 0.1400476
	speed: 0.0158s/iter; left time: 11800.4664s
	iters: 8500, epoch: 1 | loss: 0.1550425
	speed: 0.0127s/iter; left time: 9539.0567s
	iters: 8600, epoch: 1 | loss: 0.1336634
	speed: 0.0159s/iter; left time: 11923.5559s
	iters: 8700, epoch: 1 | loss: 0.1872241
	speed: 0.0152s/iter; left time: 11347.0898s
	iters: 8800, epoch: 1 | loss: 0.1902322
	speed: 0.0147s/iter; left time: 10970.0051s
	iters: 8900, epoch: 1 | loss: 0.1354907
	speed: 0.0157s/iter; left time: 11755.8535s
	iters: 9000, epoch: 1 | loss: 0.1653160
	speed: 0.0177s/iter; left time: 13280.2647s
